This is pdfTeX, Version 3.14159265-2.6-1.40.20 (TeX Live 2019/Debian) (preloaded format=pdflatex 2020.10.7)  2 APR 2023 14:54
entering extended mode
 restricted \write18 enabled.
 %&-line parsing enabled.
**/tmp/RtmpBCM4f8/preview-6e11f5d9e4393.dir/Tutoriel.tex
(/tmp/RtmpBCM4f8/preview-6e11f5d9e4393.dir/Tutoriel.tex
LaTeX2e <2020-02-02> patch level 2
L3 programming layer <2020-02-14> (/usr/share/texlive/texmf-dist/tex/latex/base
/article.cls
Document Class: article 2019/12/20 v1.4l Standard LaTeX document class
(/usr/share/texlive/texmf-dist/tex/latex/base/size10.clo
File: size10.clo 2019/12/20 v1.4l Standard LaTeX file (size option)
)
\c@part=\count167
\c@section=\count168
\c@subsection=\count169
\c@subsubsection=\count170
\c@paragraph=\count171
\c@subparagraph=\count172
\c@figure=\count173
\c@table=\count174
\abovecaptionskip=\skip47
\belowcaptionskip=\skip48
\bibindent=\dimen134
) (/usr/share/texlive/texmf-dist/tex/latex/amsmath/amsmath.sty
Package: amsmath 2020/01/20 v2.17e AMS math features
\@mathmargin=\skip49
For additional information on amsmath, use the `?' option.
(/usr/share/texlive/texmf-dist/tex/latex/amsmath/amstext.sty
Package: amstext 2000/06/29 v2.01 AMS text
(/usr/share/texlive/texmf-dist/tex/latex/amsmath/amsgen.sty
File: amsgen.sty 1999/11/30 v2.0 generic functions
\@emptytoks=\toks14
\ex@=\dimen135
)) (/usr/share/texlive/texmf-dist/tex/latex/amsmath/amsbsy.sty
Package: amsbsy 1999/11/29 v1.2d Bold Symbols
\pmbraise@=\dimen136
) (/usr/share/texlive/texmf-dist/tex/latex/amsmath/amsopn.sty
Package: amsopn 2016/03/08 v2.02 operator names
)
\inf@bad=\count175
LaTeX Info: Redefining \frac on input line 227.
\uproot@=\count176
\leftroot@=\count177
LaTeX Info: Redefining \overline on input line 389.
\classnum@=\count178
\DOTSCASE@=\count179
LaTeX Info: Redefining \ldots on input line 486.
LaTeX Info: Redefining \dots on input line 489.
LaTeX Info: Redefining \cdots on input line 610.
\Mathstrutbox@=\box45
\strutbox@=\box46
\big@size=\dimen137
LaTeX Font Info:    Redeclaring font encoding OML on input line 733.
LaTeX Font Info:    Redeclaring font encoding OMS on input line 734.
\macc@depth=\count180
\c@MaxMatrixCols=\count181
\dotsspace@=\muskip16
\c@parentequation=\count182
\dspbrk@lvl=\count183
\tag@help=\toks15
\row@=\count184
\column@=\count185
\maxfields@=\count186
\andhelp@=\toks16
\eqnshift@=\dimen138
\alignsep@=\dimen139
\tagshift@=\dimen140
\tagwidth@=\dimen141
\totwidth@=\dimen142
\lineht@=\dimen143
\@envbody=\toks17
\multlinegap=\skip50
\multlinetaggap=\skip51
\mathdisplay@stack=\toks18
LaTeX Info: Redefining \[ on input line 2859.
LaTeX Info: Redefining \] on input line 2860.
) (/usr/share/texlive/texmf-dist/tex/latex/amsfonts/amssymb.sty
Package: amssymb 2013/01/14 v3.01 AMS font symbols
(/usr/share/texlive/texmf-dist/tex/latex/amsfonts/amsfonts.sty
Package: amsfonts 2013/01/14 v3.01 Basic AMSFonts support
\symAMSa=\mathgroup4
\symAMSb=\mathgroup5
LaTeX Font Info:    Redeclaring math symbol \hbar on input line 98.
LaTeX Font Info:    Overwriting math alphabet `\mathfrak' in version `bold'
(Font)                  U/euf/m/n --> U/euf/b/n on input line 106.
)) (/usr/share/texmf/tex/latex/lm/lmodern.sty
Package: lmodern 2009/10/30 v1.6 Latin Modern Fonts
LaTeX Font Info:    Overwriting symbol font `operators' in version `normal'
(Font)                  OT1/cmr/m/n --> OT1/lmr/m/n on input line 22.
LaTeX Font Info:    Overwriting symbol font `letters' in version `normal'
(Font)                  OML/cmm/m/it --> OML/lmm/m/it on input line 23.
LaTeX Font Info:    Overwriting symbol font `symbols' in version `normal'
(Font)                  OMS/cmsy/m/n --> OMS/lmsy/m/n on input line 24.
LaTeX Font Info:    Overwriting symbol font `largesymbols' in version `normal'
(Font)                  OMX/cmex/m/n --> OMX/lmex/m/n on input line 25.
LaTeX Font Info:    Overwriting symbol font `operators' in version `bold'
(Font)                  OT1/cmr/bx/n --> OT1/lmr/bx/n on input line 26.
LaTeX Font Info:    Overwriting symbol font `letters' in version `bold'
(Font)                  OML/cmm/b/it --> OML/lmm/b/it on input line 27.
LaTeX Font Info:    Overwriting symbol font `symbols' in version `bold'
(Font)                  OMS/cmsy/b/n --> OMS/lmsy/b/n on input line 28.
LaTeX Font Info:    Overwriting symbol font `largesymbols' in version `bold'
(Font)                  OMX/cmex/m/n --> OMX/lmex/m/n on input line 29.
LaTeX Font Info:    Overwriting math alphabet `\mathbf' in version `normal'
(Font)                  OT1/cmr/bx/n --> OT1/lmr/bx/n on input line 31.
LaTeX Font Info:    Overwriting math alphabet `\mathsf' in version `normal'
(Font)                  OT1/cmss/m/n --> OT1/lmss/m/n on input line 32.
LaTeX Font Info:    Overwriting math alphabet `\mathit' in version `normal'
(Font)                  OT1/cmr/m/it --> OT1/lmr/m/it on input line 33.
LaTeX Font Info:    Overwriting math alphabet `\mathtt' in version `normal'
(Font)                  OT1/cmtt/m/n --> OT1/lmtt/m/n on input line 34.
LaTeX Font Info:    Overwriting math alphabet `\mathbf' in version `bold'
(Font)                  OT1/cmr/bx/n --> OT1/lmr/bx/n on input line 35.
LaTeX Font Info:    Overwriting math alphabet `\mathsf' in version `bold'
(Font)                  OT1/cmss/bx/n --> OT1/lmss/bx/n on input line 36.
LaTeX Font Info:    Overwriting math alphabet `\mathit' in version `bold'
(Font)                  OT1/cmr/bx/it --> OT1/lmr/bx/it on input line 37.
LaTeX Font Info:    Overwriting math alphabet `\mathtt' in version `bold'
(Font)                  OT1/cmtt/m/n --> OT1/lmtt/m/n on input line 38.
) (/usr/share/texlive/texmf-dist/tex/generic/iftex/iftex.sty
Package: iftex 2019/11/07 v1.0c TeX engine tests
) (/usr/share/texlive/texmf-dist/tex/latex/base/fontenc.sty
Package: fontenc 2020/02/11 v2.0o Standard LaTeX package
LaTeX Font Info:    Trying to load font information for T1+lmr on input line 11
2.
(/usr/share/texmf/tex/latex/lm/t1lmr.fd
File: t1lmr.fd 2009/10/30 v1.6 Font defs for Latin Modern
)) (/usr/share/texlive/texmf-dist/tex/latex/base/inputenc.sty
Package: inputenc 2018/08/11 v1.3c Input encoding file
\inpenc@prehook=\toks19
\inpenc@posthook=\toks20
) (/usr/share/texlive/texmf-dist/tex/latex/base/textcomp.sty
Package: textcomp 2020/02/02 v2.0n Standard LaTeX package
) (/usr/share/texlive/texmf-dist/tex/latex/upquote/upquote.sty
Package: upquote 2012/04/19 v1.3 upright-quote and grave-accent glyphs in verba
tim
) (/usr/share/texlive/texmf-dist/tex/latex/microtype/microtype.sty
Package: microtype 2019/11/18 v2.7d Micro-typographical refinements (RS)
(/usr/share/texlive/texmf-dist/tex/latex/graphics/keyval.sty
Package: keyval 2014/10/28 v1.15 key=value parser (DPC)
\KV@toks@=\toks21
)
\MT@toks=\toks22
\MT@count=\count187
LaTeX Info: Redefining \textls on input line 790.
\MT@outer@kern=\dimen144
LaTeX Info: Redefining \textmicrotypecontext on input line 1354.
\MT@listname@count=\count188
(/usr/share/texlive/texmf-dist/tex/latex/microtype/microtype-pdftex.def
File: microtype-pdftex.def 2019/11/18 v2.7d Definitions specific to pdftex (RS)

LaTeX Info: Redefining \lsstyle on input line 914.
LaTeX Info: Redefining \lslig on input line 914.
\MT@outer@space=\skip52
)
Package microtype Info: Loading configuration file microtype.cfg.
(/usr/share/texlive/texmf-dist/tex/latex/microtype/microtype.cfg
File: microtype.cfg 2019/11/18 v2.7d microtype main configuration file (RS)
)) (/usr/share/texlive/texmf-dist/tex/latex/parskip/parskip.sty
Package: parskip 2020-01-22 v2.0d non-zero parskip adjustments
(/usr/share/texlive/texmf-dist/tex/latex/kvoptions/kvoptions.sty
Package: kvoptions 2019/11/29 v3.13 Key value format for package options (HO)
(/usr/share/texlive/texmf-dist/tex/generic/ltxcmds/ltxcmds.sty
Package: ltxcmds 2019/12/15 v1.24 LaTeX kernel commands for general use (HO)
) (/usr/share/texlive/texmf-dist/tex/generic/kvsetkeys/kvsetkeys.sty
Package: kvsetkeys 2019/12/15 v1.18 Key value parser (HO)
)) (/usr/share/texlive/texmf-dist/tex/latex/etoolbox/etoolbox.sty
Package: etoolbox 2019/09/21 v2.5h e-TeX tools for LaTeX (JAW)
\etb@tempcnta=\count189
)) (/usr/share/texlive/texmf-dist/tex/latex/xcolor/xcolor.sty
Package: xcolor 2016/05/11 v2.12 LaTeX color extensions (UK)
(/usr/share/texlive/texmf-dist/tex/latex/graphics-cfg/color.cfg
File: color.cfg 2016/01/02 v1.6 sample color configuration
)
Package xcolor Info: Driver file: pdftex.def on input line 225.
(/usr/share/texlive/texmf-dist/tex/latex/graphics-def/pdftex.def
File: pdftex.def 2018/01/08 v1.0l Graphics/color driver for pdftex
)
Package xcolor Info: Model `cmy' substituted by `cmy0' on input line 1348.
Package xcolor Info: Model `hsb' substituted by `rgb' on input line 1352.
Package xcolor Info: Model `RGB' extended on input line 1364.
Package xcolor Info: Model `HTML' substituted by `rgb' on input line 1366.
Package xcolor Info: Model `Hsb' substituted by `hsb' on input line 1367.
Package xcolor Info: Model `tHsb' substituted by `hsb' on input line 1368.
Package xcolor Info: Model `HSB' substituted by `hsb' on input line 1369.
Package xcolor Info: Model `Gray' substituted by `gray' on input line 1370.
Package xcolor Info: Model `wave' substituted by `hsb' on input line 1371.
) (/usr/share/texlive/texmf-dist/tex/latex/geometry/geometry.sty
Package: geometry 2020/01/02 v5.9 Page Geometry
(/usr/share/texlive/texmf-dist/tex/generic/iftex/ifvtex.sty
Package: ifvtex 2019/10/25 v1.7 ifvtex legacy package. Use iftex instead.
)
\Gm@cnth=\count190
\Gm@cntv=\count191
\c@Gm@tempcnt=\count192
\Gm@bindingoffset=\dimen145
\Gm@wd@mp=\dimen146
\Gm@odd@mp=\dimen147
\Gm@even@mp=\dimen148
\Gm@layoutwidth=\dimen149
\Gm@layoutheight=\dimen150
\Gm@layouthoffset=\dimen151
\Gm@layoutvoffset=\dimen152
\Gm@dimlist=\toks23
) (/usr/share/texlive/texmf-dist/tex/latex/fancyvrb/fancyvrb.sty
Package: fancyvrb 2020/01/13 v3.5 verbatim text (tvz,hv)
\FV@CodeLineNo=\count193
\FV@InFile=\read2
\FV@TabBox=\box47
\c@FancyVerbLine=\count194
\FV@StepNumber=\count195
\FV@OutFile=\write3
) (/usr/share/texlive/texmf-dist/tex/latex/framed/framed.sty
Package: framed 2011/10/22 v 0.96: framed or shaded text with page breaks
\OuterFrameSep=\skip53
\fb@frw=\dimen153
\fb@frh=\dimen154
\FrameRule=\dimen155
\FrameSep=\dimen156
) (/usr/share/texlive/texmf-dist/tex/latex/graphics/graphicx.sty
Package: graphicx 2019/11/30 v1.2a Enhanced LaTeX Graphics (DPC,SPQR)
(/usr/share/texlive/texmf-dist/tex/latex/graphics/graphics.sty
Package: graphics 2019/11/30 v1.4a Standard LaTeX Graphics (DPC,SPQR)
(/usr/share/texlive/texmf-dist/tex/latex/graphics/trig.sty
Package: trig 2016/01/03 v1.10 sin cos tan (DPC)
) (/usr/share/texlive/texmf-dist/tex/latex/graphics-cfg/graphics.cfg
File: graphics.cfg 2016/06/04 v1.11 sample graphics configuration
)
Package graphics Info: Driver file: pdftex.def on input line 105.
)
\Gin@req@height=\dimen157
\Gin@req@width=\dimen158
) (/usr/share/texlive/texmf-dist/tex/latex/bookmark/bookmark.sty
Package: bookmark 2019/12/03 v1.28 PDF bookmarks (HO)
(/usr/share/texlive/texmf-dist/tex/latex/hyperref/hyperref.sty
Package: hyperref 2020/01/14 v7.00d Hypertext links for LaTeX
(/usr/share/texlive/texmf-dist/tex/latex/pdftexcmds/pdftexcmds.sty
Package: pdftexcmds 2019/11/24 v0.31 Utility functions of pdfTeX for LuaTeX (HO
)
(/usr/share/texlive/texmf-dist/tex/generic/infwarerr/infwarerr.sty
Package: infwarerr 2019/12/03 v1.5 Providing info/warning/error messages (HO)
)
Package pdftexcmds Info: \pdf@primitive is available.
Package pdftexcmds Info: \pdf@ifprimitive is available.
Package pdftexcmds Info: \pdfdraftmode found.
) (/usr/share/texlive/texmf-dist/tex/generic/kvdefinekeys/kvdefinekeys.sty
Package: kvdefinekeys 2019-12-19 v1.6 Define keys (HO)
) (/usr/share/texlive/texmf-dist/tex/generic/pdfescape/pdfescape.sty
Package: pdfescape 2019/12/09 v1.15 Implements pdfTeX's escape features (HO)
) (/usr/share/texlive/texmf-dist/tex/latex/hycolor/hycolor.sty
Package: hycolor 2020-01-27 v1.10 Color options for hyperref/bookmark (HO)
) (/usr/share/texlive/texmf-dist/tex/latex/letltxmacro/letltxmacro.sty
Package: letltxmacro 2019/12/03 v1.6 Let assignment for LaTeX macros (HO)
) (/usr/share/texlive/texmf-dist/tex/latex/auxhook/auxhook.sty
Package: auxhook 2019-12-17 v1.6 Hooks for auxiliary files (HO)
)
\@linkdim=\dimen159
\Hy@linkcounter=\count196
\Hy@pagecounter=\count197
(/usr/share/texlive/texmf-dist/tex/latex/hyperref/pd1enc.def
File: pd1enc.def 2020/01/14 v7.00d Hyperref: PDFDocEncoding definition (HO)
Now handling font encoding PD1 ...
... no UTF-8 mapping file for font encoding PD1
) (/usr/share/texlive/texmf-dist/tex/generic/intcalc/intcalc.sty
Package: intcalc 2019/12/15 v1.3 Expandable calculations with integers (HO)
) (/usr/share/texlive/texmf-dist/tex/generic/etexcmds/etexcmds.sty
Package: etexcmds 2019/12/15 v1.7 Avoid name clashes with e-TeX commands (HO)
)
\Hy@SavedSpaceFactor=\count198
\pdfmajorversion=\count199
Package hyperref Info: Option `unicode' set `true' on input line 4421.
(/usr/share/texlive/texmf-dist/tex/latex/hyperref/puenc.def
File: puenc.def 2020/01/14 v7.00d Hyperref: PDF Unicode definition (HO)
Now handling font encoding PU ...
... no UTF-8 mapping file for font encoding PU
)
Package hyperref Info: Hyper figures OFF on input line 4547.
Package hyperref Info: Link nesting OFF on input line 4552.
Package hyperref Info: Hyper index ON on input line 4555.
Package hyperref Info: Plain pages OFF on input line 4562.
Package hyperref Info: Backreferencing OFF on input line 4567.
Package hyperref Info: Implicit mode ON; LaTeX internals redefined.
Package hyperref Info: Bookmarks ON on input line 4800.
\c@Hy@tempcnt=\count266
(/usr/share/texlive/texmf-dist/tex/latex/url/url.sty
\Urlmuskip=\muskip17
Package: url 2013/09/16  ver 3.4  Verb mode for urls, etc.
)
LaTeX Info: Redefining \url on input line 5159.
\XeTeXLinkMargin=\dimen160
(/usr/share/texlive/texmf-dist/tex/generic/bitset/bitset.sty
Package: bitset 2019/12/09 v1.3 Handle bit-vector datatype (HO)
(/usr/share/texlive/texmf-dist/tex/generic/bigintcalc/bigintcalc.sty
Package: bigintcalc 2019/12/15 v1.5 Expandable calculations on big integers (HO
)
))
\Fld@menulength=\count267
\Field@Width=\dimen161
\Fld@charsize=\dimen162
Package hyperref Info: Hyper figures OFF on input line 6430.
Package hyperref Info: Link nesting OFF on input line 6435.
Package hyperref Info: Hyper index ON on input line 6438.
Package hyperref Info: backreferencing OFF on input line 6445.
Package hyperref Info: Link coloring OFF on input line 6450.
Package hyperref Info: Link coloring with OCG OFF on input line 6455.
Package hyperref Info: PDF/A mode OFF on input line 6460.
LaTeX Info: Redefining \ref on input line 6500.
LaTeX Info: Redefining \pageref on input line 6504.
(/usr/share/texlive/texmf-dist/tex/generic/atbegshi/atbegshi.sty
Package: atbegshi 2019/12/05 v1.19 At begin shipout hook (HO)
)
\Hy@abspage=\count268
\c@Item=\count269
\c@Hfootnote=\count270
)
Package hyperref Info: Driver (autodetected): hpdftex.
(/usr/share/texlive/texmf-dist/tex/latex/hyperref/hpdftex.def
File: hpdftex.def 2020/01/14 v7.00d Hyperref driver for pdfTeX
(/usr/share/texlive/texmf-dist/tex/latex/atveryend/atveryend.sty
Package: atveryend 2019-12-11 v1.11 Hooks at the very end of document (HO)
)
\Fld@listcount=\count271
\c@bookmark@seq@number=\count272
(/usr/share/texlive/texmf-dist/tex/latex/rerunfilecheck/rerunfilecheck.sty
Package: rerunfilecheck 2019/12/05 v1.9 Rerun checks for auxiliary files (HO)
(/usr/share/texlive/texmf-dist/tex/generic/uniquecounter/uniquecounter.sty
Package: uniquecounter 2019/12/15 v1.4 Provide unlimited unique counter (HO)
)
Package uniquecounter Info: New unique counter `rerunfilecheck' on input line 2
86.
)
\Hy@SectionHShift=\skip54
) (/usr/share/texlive/texmf-dist/tex/latex/bookmark/bkm-pdftex.def
File: bkm-pdftex.def 2019/12/03 v1.28 bookmark driver for pdfTeX (HO)
\BKM@id=\count273
)) (/usr/share/texlive/texmf-dist/tex/latex/xurl/xurl.sty
Package: xurl 2020/01/24 v 0.09 modify URL breaks
) (/usr/share/texlive/texmf-dist/tex/latex/l3backend/l3backend-pdfmode.def
File: l3backend-pdfmode.def 2020-02-03 L3 backend support: PDF mode
\l__kernel_color_stack_int=\count274
\l__pdf_internal_box=\box48
)
No file Tutoriel.aux.
\openout1 = `Tutoriel.aux'.

LaTeX Font Info:    Checking defaults for OML/cmm/m/it on input line 110.
LaTeX Font Info:    ... okay on input line 110.
LaTeX Font Info:    Checking defaults for OMS/cmsy/m/n on input line 110.
LaTeX Font Info:    ... okay on input line 110.
LaTeX Font Info:    Checking defaults for OT1/cmr/m/n on input line 110.
LaTeX Font Info:    ... okay on input line 110.
LaTeX Font Info:    Checking defaults for T1/cmr/m/n on input line 110.
LaTeX Font Info:    ... okay on input line 110.
LaTeX Font Info:    Checking defaults for TS1/cmr/m/n on input line 110.
LaTeX Font Info:    ... okay on input line 110.
LaTeX Font Info:    Checking defaults for OMX/cmex/m/n on input line 110.
LaTeX Font Info:    ... okay on input line 110.
LaTeX Font Info:    Checking defaults for U/cmr/m/n on input line 110.
LaTeX Font Info:    ... okay on input line 110.
LaTeX Font Info:    Checking defaults for PD1/pdf/m/n on input line 110.
LaTeX Font Info:    ... okay on input line 110.
LaTeX Font Info:    Checking defaults for PU/pdf/m/n on input line 110.
LaTeX Font Info:    ... okay on input line 110.
LaTeX Info: Redefining \microtypecontext on input line 110.
Package microtype Info: Generating PDF output.
Package microtype Info: Character protrusion enabled (level 2).
Package microtype Info: Using protrusion set `basicmath'.
Package microtype Info: Automatic font expansion enabled (level 2),
(microtype)             stretch: 20, shrink: 20, step: 1, non-selected.
Package microtype Info: Using default expansion set `basictext'.
LaTeX Info: Redefining \showhyphens on input line 110.
Package microtype Info: No adjustment of tracking.
Package microtype Info: No adjustment of interword spacing.
Package microtype Info: No adjustment of character kerning.
(/usr/share/texlive/texmf-dist/tex/latex/microtype/mt-cmr.cfg
File: mt-cmr.cfg 2013/05/19 v2.2 microtype config. file: Computer Modern Roman 
(RS)
) (/usr/share/texlive/texmf-dist/tex/context/base/mkii/supp-pdf.mkii
[Loading MPS to PDF converter (version 2006.09.02).]
\scratchcounter=\count275
\scratchdimen=\dimen163
\scratchbox=\box49
\nofMPsegments=\count276
\nofMParguments=\count277
\everyMPshowfont=\toks24
\MPscratchCnt=\count278
\MPscratchDim=\dimen164
\MPnumerator=\count279
\makeMPintoPDFobject=\count280
\everyMPtoPDFconversion=\toks25
) (/usr/share/texlive/texmf-dist/tex/latex/epstopdf-pkg/epstopdf-base.sty
Package: epstopdf-base 2020-01-24 v2.11 Base part for package epstopdf
Package epstopdf-base Info: Redefining graphics rule for `.eps' on input line 4
85.
(/usr/share/texlive/texmf-dist/tex/latex/latexconfig/epstopdf-sys.cfg
File: epstopdf-sys.cfg 2010/07/13 v1.3 Configuration of (r)epstopdf for TeX Liv
e
))
*geometry* driver: auto-detecting
*geometry* detected driver: pdftex
*geometry* verbose mode - [ preamble ] result:
* driver: pdftex
* paper: <default>
* layout: <same size as paper>
* layoutoffset:(h,v)=(0.0pt,0.0pt)
* modes: 
* h-part:(L,W,R)=(72.26999pt, 469.75502pt, 72.26999pt)
* v-part:(T,H,B)=(72.26999pt, 650.43001pt, 72.26999pt)
* \paperwidth=614.295pt
* \paperheight=794.96999pt
* \textwidth=469.75502pt
* \textheight=650.43001pt
* \oddsidemargin=0.0pt
* \evensidemargin=0.0pt
* \topmargin=-37.0pt
* \headheight=12.0pt
* \headsep=25.0pt
* \topskip=10.0pt
* \footskip=30.0pt
* \marginparwidth=65.0pt
* \marginparsep=11.0pt
* \columnsep=10.0pt
* \skip\footins=9.0pt plus 4.0pt minus 2.0pt
* \hoffset=0.0pt
* \voffset=0.0pt
* \mag=1000
* \@twocolumnfalse
* \@twosidefalse
* \@mparswitchfalse
* \@reversemarginfalse
* (1in=72.27pt=25.4mm, 1cm=28.453pt)

\AtBeginShipoutBox=\box50
Package hyperref Info: Link coloring OFF on input line 110.
(/usr/share/texlive/texmf-dist/tex/latex/hyperref/nameref.sty
Package: nameref 2019/09/16 v2.46 Cross-referencing by name of section
(/usr/share/texlive/texmf-dist/tex/latex/refcount/refcount.sty
Package: refcount 2019/12/15 v3.6 Data extraction from label references (HO)
) (/usr/share/texlive/texmf-dist/tex/generic/gettitlestring/gettitlestring.sty
Package: gettitlestring 2019/12/15 v1.6 Cleanup title references (HO)
)
\c@section@level=\count281
)
LaTeX Info: Redefining \ref on input line 110.
LaTeX Info: Redefining \pageref on input line 110.
LaTeX Info: Redefining \nameref on input line 110.
LaTeX Font Info:    Trying to load font information for OT1+lmr on input line 1
12.
(/usr/share/texmf/tex/latex/lm/ot1lmr.fd
File: ot1lmr.fd 2009/10/30 v1.6 Font defs for Latin Modern
)
LaTeX Font Info:    Trying to load font information for OML+lmm on input line 1
12.
(/usr/share/texmf/tex/latex/lm/omllmm.fd
File: omllmm.fd 2009/10/30 v1.6 Font defs for Latin Modern
)
LaTeX Font Info:    Trying to load font information for OMS+lmsy on input line 
112.
(/usr/share/texmf/tex/latex/lm/omslmsy.fd
File: omslmsy.fd 2009/10/30 v1.6 Font defs for Latin Modern
)
LaTeX Font Info:    Trying to load font information for OMX+lmex on input line 
112.
(/usr/share/texmf/tex/latex/lm/omxlmex.fd
File: omxlmex.fd 2009/10/30 v1.6 Font defs for Latin Modern
)
LaTeX Font Info:    External font `lmex10' loaded for size
(Font)              <12> on input line 112.
LaTeX Font Info:    External font `lmex10' loaded for size
(Font)              <8> on input line 112.
LaTeX Font Info:    External font `lmex10' loaded for size
(Font)              <6> on input line 112.
LaTeX Font Info:    Trying to load font information for U+msa on input line 112
.
(/usr/share/texlive/texmf-dist/tex/latex/amsfonts/umsa.fd
File: umsa.fd 2013/01/14 v3.01 AMS symbols A
) (/usr/share/texlive/texmf-dist/tex/latex/microtype/mt-msa.cfg
File: mt-msa.cfg 2006/02/04 v1.1 microtype config. file: AMS symbols (a) (RS)
)
LaTeX Font Info:    Trying to load font information for U+msb on input line 112
.
(/usr/share/texlive/texmf-dist/tex/latex/amsfonts/umsb.fd
File: umsb.fd 2013/01/14 v3.01 AMS symbols B
) (/usr/share/texlive/texmf-dist/tex/latex/microtype/mt-msb.cfg
File: mt-msb.cfg 2005/06/01 v1.0 microtype config. file: AMS symbols (b) (RS)
)
\tf@toc=\write4
\openout4 = `Tutoriel.toc'.

LaTeX Font Info:    Trying to load font information for T1+lmtt on input line 1
22.
(/usr/share/texmf/tex/latex/lm/t1lmtt.fd
File: t1lmtt.fd 2009/10/30 v1.6 Font defs for Latin Modern
)
LaTeX Font Info:    Trying to load font information for TS1+lmtt on input line 
203.
(/usr/share/texmf/tex/latex/lm/ts1lmtt.fd
File: ts1lmtt.fd 2009/10/30 v1.6 Font defs for Latin Modern
) [1

{/var/lib/texmf/fonts/map/pdftex/updmap/pdftex.map}]
</tmp/RtmpBCM4f8/preview-6e11f5d9e4393.dir/Tutoriel_files/figure-latex/fig1-1.p
df, id=20, 427.5975pt x 258.9675pt>
File: /tmp/RtmpBCM4f8/preview-6e11f5d9e4393.dir/Tutoriel_files/figure-latex/fig
1-1.pdf Graphic file (type pdf)
<use /tmp/RtmpBCM4f8/preview-6e11f5d9e4393.dir/Tutoriel_files/figure-latex/fig1
-1.pdf>
Package pdftex.def Info: /tmp/RtmpBCM4f8/preview-6e11f5d9e4393.dir/Tutoriel_fil
es/figure-latex/fig1-1.pdf  used on input line 246.
(pdftex.def)             Requested size: 375.80414pt x 227.59967pt.
[2] [3 </tmp/RtmpBCM4f8/preview-6e11f5d9e4393.dir/Tutoriel_files/figure-latex/f
ig1-1.pdf>] [4] [5]
</tmp/RtmpBCM4f8/preview-6e11f5d9e4393.dir/Tutoriel_files/figure-latex/unnamed-
chunk-13-1.pdf, id=58, 392.46625pt x 182.6825pt>
File: /tmp/RtmpBCM4f8/preview-6e11f5d9e4393.dir/Tutoriel_files/figure-latex/unn
amed-chunk-13-1.pdf Graphic file (type pdf)
<use /tmp/RtmpBCM4f8/preview-6e11f5d9e4393.dir/Tutoriel_files/figure-latex/unna
med-chunk-13-1.pdf>
Package pdftex.def Info: /tmp/RtmpBCM4f8/preview-6e11f5d9e4393.dir/Tutoriel_fil
es/figure-latex/unnamed-chunk-13-1.pdf  used on input line 476.
(pdftex.def)             Requested size: 375.82909pt x 174.93834pt.
</tmp/RtmpBCM4f8/preview-6e11f5d9e4393.dir/Tutoriel_files/figure-latex/unnamed-
chunk-14-1.pdf, id=59, 340.27126pt x 292.09125pt>
File: /tmp/RtmpBCM4f8/preview-6e11f5d9e4393.dir/Tutoriel_files/figure-latex/unn
amed-chunk-14-1.pdf Graphic file (type pdf)
<use /tmp/RtmpBCM4f8/preview-6e11f5d9e4393.dir/Tutoriel_files/figure-latex/unna
med-chunk-14-1.pdf>
Package pdftex.def Info: /tmp/RtmpBCM4f8/preview-6e11f5d9e4393.dir/Tutoriel_fil
es/figure-latex/unnamed-chunk-14-1.pdf  used on input line 489.
(pdftex.def)             Requested size: 340.30156pt x 292.11725pt.
[6 </tmp/RtmpBCM4f8/preview-6e11f5d9e4393.dir/Tutoriel_files/figure-latex/unnam
ed-chunk-13-1.pdf> </tmp/RtmpBCM4f8/preview-6e11f5d9e4393.dir/Tutoriel_files/fi
gure-latex/unnamed-chunk-14-1.pdf>]
</tmp/RtmpBCM4f8/preview-6e11f5d9e4393.dir/Tutoriel_files/figure-latex/unnamed-
chunk-15-1.pdf, id=78, 436.63126pt x 251.94125pt>
File: /tmp/RtmpBCM4f8/preview-6e11f5d9e4393.dir/Tutoriel_files/figure-latex/unn
amed-chunk-15-1.pdf Graphic file (type pdf)
<use /tmp/RtmpBCM4f8/preview-6e11f5d9e4393.dir/Tutoriel_files/figure-latex/unna
med-chunk-15-1.pdf>
Package pdftex.def Info: /tmp/RtmpBCM4f8/preview-6e11f5d9e4393.dir/Tutoriel_fil
es/figure-latex/unnamed-chunk-15-1.pdf  used on input line 502.
(pdftex.def)             Requested size: 375.8087pt x 216.84593pt.
</tmp/RtmpBCM4f8/preview-6e11f5d9e4393.dir/Tutoriel_files/figure-latex/unnamed-
chunk-17-1.pdf, id=79, 436.63126pt x 251.94125pt>
File: /tmp/RtmpBCM4f8/preview-6e11f5d9e4393.dir/Tutoriel_files/figure-latex/unn
amed-chunk-17-1.pdf Graphic file (type pdf)
<use /tmp/RtmpBCM4f8/preview-6e11f5d9e4393.dir/Tutoriel_files/figure-latex/unna
med-chunk-17-1.pdf>
Package pdftex.def Info: /tmp/RtmpBCM4f8/preview-6e11f5d9e4393.dir/Tutoriel_fil
es/figure-latex/unnamed-chunk-17-1.pdf  used on input line 540.
(pdftex.def)             Requested size: 375.8087pt x 216.84593pt.
[7 </tmp/RtmpBCM4f8/preview-6e11f5d9e4393.dir/Tutoriel_files/figure-latex/unnam
ed-chunk-15-1.pdf>]
LaTeX Font Info:    Trying to load font information for TS1+lmr on input line 5
58.
(/usr/share/texmf/tex/latex/lm/ts1lmr.fd
File: ts1lmr.fd 2009/10/30 v1.6 Font defs for Latin Modern
) [8 </tmp/RtmpBCM4f8/preview-6e11f5d9e4393.dir/Tutoriel_files/figure-latex/unn
amed-chunk-17-1.pdf>]
</tmp/RtmpBCM4f8/preview-6e11f5d9e4393.dir/Tutoriel_files/figure-latex/unnamed-
chunk-22-1.pdf, id=104, 443.6575pt x 281.05pt>
File: /tmp/RtmpBCM4f8/preview-6e11f5d9e4393.dir/Tutoriel_files/figure-latex/unn
amed-chunk-22-1.pdf Graphic file (type pdf)
<use /tmp/RtmpBCM4f8/preview-6e11f5d9e4393.dir/Tutoriel_files/figure-latex/unna
med-chunk-22-1.pdf>
Package pdftex.def Info: /tmp/RtmpBCM4f8/preview-6e11f5d9e4393.dir/Tutoriel_fil
es/figure-latex/unnamed-chunk-22-1.pdf  used on input line 648.
(pdftex.def)             Requested size: 375.8041pt x 238.06593pt.
</tmp/RtmpBCM4f8/preview-6e11f5d9e4393.dir/Tutoriel_files/figure-latex/unnamed-
chunk-23-1.pdf, id=105, 433.62pt x 281.05pt>
File: /tmp/RtmpBCM4f8/preview-6e11f5d9e4393.dir/Tutoriel_files/figure-latex/unn
amed-chunk-23-1.pdf Graphic file (type pdf)
<use /tmp/RtmpBCM4f8/preview-6e11f5d9e4393.dir/Tutoriel_files/figure-latex/unna
med-chunk-23-1.pdf>
Package pdftex.def Info: /tmp/RtmpBCM4f8/preview-6e11f5d9e4393.dir/Tutoriel_fil
es/figure-latex/unnamed-chunk-23-1.pdf  used on input line 659.
(pdftex.def)             Requested size: 375.8238pt x 243.5895pt.
[9 </tmp/RtmpBCM4f8/preview-6e11f5d9e4393.dir/Tutoriel_files/figure-latex/unnam
ed-chunk-22-1.pdf>]
</tmp/RtmpBCM4f8/preview-6e11f5d9e4393.dir/Tutoriel_files/figure-latex/unnamed-
chunk-24-1.pdf, id=120, 433.62pt x 300.12125pt>
File: /tmp/RtmpBCM4f8/preview-6e11f5d9e4393.dir/Tutoriel_files/figure-latex/unn
amed-chunk-24-1.pdf Graphic file (type pdf)
<use /tmp/RtmpBCM4f8/preview-6e11f5d9e4393.dir/Tutoriel_files/figure-latex/unna
med-chunk-24-1.pdf>
Package pdftex.def Info: /tmp/RtmpBCM4f8/preview-6e11f5d9e4393.dir/Tutoriel_fil
es/figure-latex/unnamed-chunk-24-1.pdf  used on input line 673.
(pdftex.def)             Requested size: 375.8238pt x 260.11879pt.
[10 </tmp/RtmpBCM4f8/preview-6e11f5d9e4393.dir/Tutoriel_files/figure-latex/unna
med-chunk-23-1.pdf> </tmp/RtmpBCM4f8/preview-6e11f5d9e4393.dir/Tutoriel_files/f
igure-latex/unnamed-chunk-24-1.pdf>]
</tmp/RtmpBCM4f8/preview-6e11f5d9e4393.dir/Tutoriel_files/figure-latex/unnamed-
chunk-25-1.pdf, id=141, 433.62pt x 300.12125pt>
File: /tmp/RtmpBCM4f8/preview-6e11f5d9e4393.dir/Tutoriel_files/figure-latex/unn
amed-chunk-25-1.pdf Graphic file (type pdf)
<use /tmp/RtmpBCM4f8/preview-6e11f5d9e4393.dir/Tutoriel_files/figure-latex/unna
med-chunk-25-1.pdf>
Package pdftex.def Info: /tmp/RtmpBCM4f8/preview-6e11f5d9e4393.dir/Tutoriel_fil
es/figure-latex/unnamed-chunk-25-1.pdf  used on input line 686.
(pdftex.def)             Requested size: 433.63878pt x 300.13425pt.
</tmp/RtmpBCM4f8/preview-6e11f5d9e4393.dir/Tutoriel_files/figure-latex/unnamed-
chunk-26-1.pdf, id=142, 414.54875pt x 288.07625pt>
File: /tmp/RtmpBCM4f8/preview-6e11f5d9e4393.dir/Tutoriel_files/figure-latex/unn
amed-chunk-26-1.pdf Graphic file (type pdf)
<use /tmp/RtmpBCM4f8/preview-6e11f5d9e4393.dir/Tutoriel_files/figure-latex/unna
med-chunk-26-1.pdf>
Package pdftex.def Info: /tmp/RtmpBCM4f8/preview-6e11f5d9e4393.dir/Tutoriel_fil
es/figure-latex/unnamed-chunk-26-1.pdf  used on input line 698.
(pdftex.def)             Requested size: 375.81671pt x 261.16075pt.
[11 </tmp/RtmpBCM4f8/preview-6e11f5d9e4393.dir/Tutoriel_files/figure-latex/unna
med-chunk-25-1.pdf>]
</tmp/RtmpBCM4f8/preview-6e11f5d9e4393.dir/Tutoriel_files/figure-latex/unnamed-
chunk-27-1.pdf, id=156, 445.665pt x 281.05pt>
File: /tmp/RtmpBCM4f8/preview-6e11f5d9e4393.dir/Tutoriel_files/figure-latex/unn
amed-chunk-27-1.pdf Graphic file (type pdf)
<use /tmp/RtmpBCM4f8/preview-6e11f5d9e4393.dir/Tutoriel_files/figure-latex/unna
med-chunk-27-1.pdf>
Package pdftex.def Info: /tmp/RtmpBCM4f8/preview-6e11f5d9e4393.dir/Tutoriel_fil
es/figure-latex/unnamed-chunk-27-1.pdf  used on input line 711.
(pdftex.def)             Requested size: 375.81131pt x 236.99811pt.
</tmp/RtmpBCM4f8/preview-6e11f5d9e4393.dir/Tutoriel_files/figure-latex/unnamed-
chunk-28-1.pdf, id=157, 448.67625pt x 283.0575pt>
File: /tmp/RtmpBCM4f8/preview-6e11f5d9e4393.dir/Tutoriel_files/figure-latex/unn
amed-chunk-28-1.pdf Graphic file (type pdf)
<use /tmp/RtmpBCM4f8/preview-6e11f5d9e4393.dir/Tutoriel_files/figure-latex/unna
med-chunk-28-1.pdf>
Package pdftex.def Info: /tmp/RtmpBCM4f8/preview-6e11f5d9e4393.dir/Tutoriel_fil
es/figure-latex/unnamed-chunk-28-1.pdf  used on input line 725.
(pdftex.def)             Requested size: 375.81746pt x 237.09288pt.
[12 </tmp/RtmpBCM4f8/preview-6e11f5d9e4393.dir/Tutoriel_files/figure-latex/unna
med-chunk-26-1.pdf> </tmp/RtmpBCM4f8/preview-6e11f5d9e4393.dir/Tutoriel_files/f
igure-latex/unnamed-chunk-27-1.pdf>]
LaTeX Font Info:    Font shape `T1/lmtt/bx/n' in size <10> not available
(Font)              Font shape `T1/lmtt/b/n' tried instead on input line 760.
[13 </tmp/RtmpBCM4f8/preview-6e11f5d9e4393.dir/Tutoriel_files/figure-latex/unna
med-chunk-28-1.pdf>] [14] [15] [16]
</tmp/RtmpBCM4f8/preview-6e11f5d9e4393.dir/Tutoriel_files/figure-latex/unnamed-
chunk-40-1.pdf, id=207, 457.71pt x 316.18124pt>
File: /tmp/RtmpBCM4f8/preview-6e11f5d9e4393.dir/Tutoriel_files/figure-latex/unn
amed-chunk-40-1.pdf Graphic file (type pdf)
<use /tmp/RtmpBCM4f8/preview-6e11f5d9e4393.dir/Tutoriel_files/figure-latex/unna
med-chunk-40-1.pdf>
Package pdftex.def Info: /tmp/RtmpBCM4f8/preview-6e11f5d9e4393.dir/Tutoriel_fil
es/figure-latex/unnamed-chunk-40-1.pdf  used on input line 1063.
(pdftex.def)             Requested size: 457.72984pt x 316.19493pt.
[17]
</tmp/RtmpBCM4f8/preview-6e11f5d9e4393.dir/Tutoriel_files/figure-latex/unnamed-
chunk-42-1.pdf, id=217, 440.64626pt x 251.94125pt>
File: /tmp/RtmpBCM4f8/preview-6e11f5d9e4393.dir/Tutoriel_files/figure-latex/unn
amed-chunk-42-1.pdf Graphic file (type pdf)
<use /tmp/RtmpBCM4f8/preview-6e11f5d9e4393.dir/Tutoriel_files/figure-latex/unna
med-chunk-42-1.pdf>
Package pdftex.def Info: /tmp/RtmpBCM4f8/preview-6e11f5d9e4393.dir/Tutoriel_fil
es/figure-latex/unnamed-chunk-42-1.pdf  used on input line 1105.
(pdftex.def)             Requested size: 375.82185pt x 214.87764pt.
[18 </tmp/RtmpBCM4f8/preview-6e11f5d9e4393.dir/Tutoriel_files/figure-latex/unna
med-chunk-40-1.pdf>]
</tmp/RtmpBCM4f8/preview-6e11f5d9e4393.dir/Tutoriel_files/figure-latex/unnamed-
chunk-44-1.pdf, id=231, 436.63126pt x 251.94125pt>
File: /tmp/RtmpBCM4f8/preview-6e11f5d9e4393.dir/Tutoriel_files/figure-latex/unn
amed-chunk-44-1.pdf Graphic file (type pdf)
<use /tmp/RtmpBCM4f8/preview-6e11f5d9e4393.dir/Tutoriel_files/figure-latex/unna
med-chunk-44-1.pdf>
Package pdftex.def Info: /tmp/RtmpBCM4f8/preview-6e11f5d9e4393.dir/Tutoriel_fil
es/figure-latex/unnamed-chunk-44-1.pdf  used on input line 1149.
(pdftex.def)             Requested size: 436.63019pt x 251.94063pt.
[19 </tmp/RtmpBCM4f8/preview-6e11f5d9e4393.dir/Tutoriel_files/figure-latex/unna
med-chunk-42-1.pdf>] [20 </tmp/RtmpBCM4f8/preview-6e11f5d9e4393.dir/Tutoriel_fi
les/figure-latex/unnamed-chunk-44-1.pdf>]
</tmp/RtmpBCM4f8/preview-6e11f5d9e4393.dir/Tutoriel_files/figure-latex/unnamed-
chunk-46-1.pdf, id=260, 440.64626pt x 219.82124pt>
File: /tmp/RtmpBCM4f8/preview-6e11f5d9e4393.dir/Tutoriel_files/figure-latex/unn
amed-chunk-46-1.pdf Graphic file (type pdf)
<use /tmp/RtmpBCM4f8/preview-6e11f5d9e4393.dir/Tutoriel_files/figure-latex/unna
med-chunk-46-1.pdf>
Package pdftex.def Info: /tmp/RtmpBCM4f8/preview-6e11f5d9e4393.dir/Tutoriel_fil
es/figure-latex/unnamed-chunk-46-1.pdf  used on input line 1217.
(pdftex.def)             Requested size: 375.82185pt x 187.48286pt.
</tmp/RtmpBCM4f8/preview-6e11f5d9e4393.dir/Tutoriel_files/figure-latex/unnamed-
chunk-47-1.pdf, id=261, 436.63126pt x 219.82124pt>
File: /tmp/RtmpBCM4f8/preview-6e11f5d9e4393.dir/Tutoriel_files/figure-latex/unn
amed-chunk-47-1.pdf Graphic file (type pdf)
<use /tmp/RtmpBCM4f8/preview-6e11f5d9e4393.dir/Tutoriel_files/figure-latex/unna
med-chunk-47-1.pdf>
Package pdftex.def Info: /tmp/RtmpBCM4f8/preview-6e11f5d9e4393.dir/Tutoriel_fil
es/figure-latex/unnamed-chunk-47-1.pdf  used on input line 1234.
(pdftex.def)             Requested size: 375.8087pt x 189.20021pt.
[21 </tmp/RtmpBCM4f8/preview-6e11f5d9e4393.dir/Tutoriel_files/figure-latex/unna
med-chunk-46-1.pdf> </tmp/RtmpBCM4f8/preview-6e11f5d9e4393.dir/Tutoriel_files/f
igure-latex/unnamed-chunk-47-1.pdf>]
Overfull \hbox (2.7436pt too wide) in paragraph at lines 1314--1314
[]                   \T1/lmtt/m/n/10 |-- [ aucun,<bac ]    (n: 131 disc: 8.5907
)[(1,4)-(2,3)-(6,1)-(2,29)] *[] 
 []


Overfull \hbox (7.99359pt too wide) in paragraph at lines 1314--1314
[]                   \T1/lmtt/m/n/10 |-- [ trois ou + ]    (n: 86 disc: 21.168)
[(1,4)-(2,10)-(5,13)-(2,10)] *[] 
 []


! LaTeX Error: File `http://nicolas.robette.free.fr/Docs/seqtree' not found.

See the LaTeX manual or LaTeX Companion for explanation.
Type  H <return>  for immediate help.
 ...                                              
                                                  
l.1323 ...://nicolas.robette.free.fr/Docs/seqtree}
                                                   \end{center} 
Here is how much of TeX's memory you used:
 13655 strings out of 481239
 208213 string characters out of 5920377
 494915 words of memory out of 5000000
 28523 multiletter control sequences out of 15000+600000
 577704 words of font info for 104 fonts, out of 8000000 for 9000
 1141 hyphenation exceptions out of 8191
 41i,6n,42p,849b,465s stack positions out of 5000i,500n,10000p,200000b,80000s

!  ==> Fatal error occurred, no output PDF file produced!
